# JRE version: OpenJDK Runtime Environment Temurin-21.0.8+9 (21.0.8+9) (build 21.0.8+9-LTS)
# Java VM: OpenJDK 64-Bit Server VM Temurin-21.0.8+9 (21.0.8+9-LTS, mixed mode, sharing, tiered, compressed oops, compressed class ptrs, parallel gc, windows-amd64)
GC Precious Log:
 CardTable entry size: 512
 CPUs: 16 total, 16 available
 Memory: 7599M
 Large Page Support: Disabled
 NUMA Support: Disabled
 Compressed Oops: Enabled (32-bit)
 Alignments: Space 512K, Generation 512K, Heap 2M
 Heap Min Capacity: 100M
 Heap Initial Capacity: 100M
 Heap Max Capacity: 2G
 Pre-touch: Disabled
 Parallel Workers: 13
Heap:
 PSYoungGen      total 6656K, used 1548K [0x00000000d5580000, 0x00000000d6100000, 0x0000000100000000)
  eden space 6144K, 20% used [0x00000000d5580000,0x00000000d56bb328,0x00000000d5b80000)
  from space 512K, 56% used [0x00000000d6080000,0x00000000d60c8000,0x00000000d6100000)
  to   space 512K, 0% used [0x00000000d6000000,0x00000000d6000000,0x00000000d6080000)
 ParOldGen       total 834048K, used 833822K [0x0000000080000000, 0x00000000b2e80000, 0x00000000d5580000)
  object space 834048K, 99% used [0x0000000080000000,0x00000000b2e479a0,0x00000000b2e80000)
 Metaspace       used 94956K, committed 96640K, reserved 1179648K
  class space    used 9475K, committed 10304K, reserved 1048576K
GC Heap History (20 events):
Event: 16225.101 GC heap before
{Heap before GC invocations=3197 (full 7):
 PSYoungGen      total 7168K, used 7136K [0x00000000d5580000, 0x00000000d6280000, 0x0000000100000000)
  eden space 6144K, 100% used [0x00000000d5580000,0x00000000d5b80000,0x00000000d5b80000)
  from space 1024K, 96% used [0x00000000d6100000,0x00000000d61f8010,0x00000000d6200000)
  to   space 3584K, 0% used [0x00000000d5b80000,0x00000000d5b80000,0x00000000d5f00000)
 ParOldGen       total 796160K, used 795902K [0x0000000080000000, 0x00000000b0980000, 0x00000000d5580000)
  object space 796160K, 99% used [0x0000000080000000,0x00000000b093fae8,0x00000000b0980000)
 Metaspace       used 94910K, committed 96640K, reserved 1179648K
  class space    used 9474K, committed 10304K, reserved 1048576K
}
Event: 16225.104 GC heap after
{Heap after GC invocations=3197 (full 7):
 PSYoungGen      total 9728K, used 816K [0x00000000d5580000, 0x00000000d6180000, 0x0000000100000000)
  eden space 6144K, 0% used [0x00000000d5580000,0x00000000d5580000,0x00000000d5b80000)
  from space 3584K, 22% used [0x00000000d5b80000,0x00000000d5c4c010,0x00000000d5f00000)
  to   space 2048K, 0% used [0x00000000d5f80000,0x00000000d5f80000,0x00000000d6180000)
 ParOldGen       total 797184K, used 796934K [0x0000000080000000, 0x00000000b0a80000, 0x00000000d5580000)
  object space 797184K, 99% used [0x0000000080000000,0x00000000b0a41b38,0x00000000b0a80000)
 Metaspace       used 94910K, committed 96640K, reserved 1179648K
  class space    used 9474K, committed 10304K, reserved 1048576K
}
Event: 16225.118 GC heap before
{Heap before GC invocations=3198 (full 7):
 PSYoungGen      total 9728K, used 6960K [0x00000000d5580000, 0x00000000d6180000, 0x0000000100000000)
  eden space 6144K, 100% used [0x00000000d5580000,0x00000000d5b80000,0x00000000d5b80000)
  from space 3584K, 22% used [0x00000000d5b80000,0x00000000d5c4c010,0x00000000d5f00000)
  to   space 2048K, 0% used [0x00000000d5f80000,0x00000000d5f80000,0x00000000d6180000)
 ParOldGen       total 797184K, used 796934K [0x0000000080000000, 0x00000000b0a80000, 0x00000000d5580000)
  object space 797184K, 99% used [0x0000000080000000,0x00000000b0a41b38,0x00000000b0a80000)
 Metaspace       used 94910K, committed 96640K, reserved 1179648K
  class space    used 9474K, committed 10304K, reserved 1048576K
}
Event: 16225.121 GC heap after
{Heap after GC invocations=3198 (full 7):
 PSYoungGen      total 7680K, used 1152K [0x00000000d5580000, 0x00000000d6100000, 0x0000000100000000)
  eden space 6144K, 0% used [0x00000000d5580000,0x00000000d5580000,0x00000000d5b80000)
  from space 1536K, 75% used [0x00000000d5f80000,0x00000000d60a0000,0x00000000d6100000)
  to   space 1536K, 0% used [0x00000000d5e00000,0x00000000d5e00000,0x00000000d5f80000)
 ParOldGen       total 797696K, used 797562K [0x0000000080000000, 0x00000000b0b00000, 0x00000000d5580000)
  object space 797696K, 99% used [0x0000000080000000,0x00000000b0adeb88,0x00000000b0b00000)
 Metaspace       used 94910K, committed 96640K, reserved 1179648K
  class space    used 9474K, committed 10304K, reserved 1048576K
}
Event: 16225.462 GC heap before
{Heap before GC invocations=3199 (full 7):
 PSYoungGen      total 7680K, used 7270K [0x00000000d5580000, 0x00000000d6100000, 0x0000000100000000)
  eden space 6144K, 99% used [0x00000000d5580000,0x00000000d5b799c8,0x00000000d5b80000)
  from space 1536K, 75% used [0x00000000d5f80000,0x00000000d60a0000,0x00000000d6100000)
  to   space 1536K, 0% used [0x00000000d5e00000,0x00000000d5e00000,0x00000000d5f80000)
 ParOldGen       total 797696K, used 797562K [0x0000000080000000, 0x00000000b0b00000, 0x00000000d5580000)
  object space 797696K, 99% used [0x0000000080000000,0x00000000b0adeb88,0x00000000b0b00000)
 Metaspace       used 94918K, committed 96640K, reserved 1179648K
  class space    used 9474K, committed 10304K, reserved 1048576K
}
Event: 16225.465 GC heap after
{Heap after GC invocations=3199 (full 7):
 PSYoungGen      total 7680K, used 1530K [0x00000000d5580000, 0x00000000d6780000, 0x0000000100000000)
  eden space 6144K, 0% used [0x00000000d5580000,0x00000000d5580000,0x00000000d5b80000)
  from space 1536K, 99% used [0x00000000d5e00000,0x00000000d5f7ea30,0x00000000d5f80000)
  to   space 6144K, 0% used [0x00000000d6180000,0x00000000d6180000,0x00000000d6780000)
 ParOldGen       total 801280K, used 801270K [0x0000000080000000, 0x00000000b0e80000, 0x00000000d5580000)
  object space 801280K, 99% used [0x0000000080000000,0x00000000b0e7da78,0x00000000b0e80000)
 Metaspace       used 94918K, committed 96640K, reserved 1179648K
  class space    used 9474K, committed 10304K, reserved 1048576K
}
Event: 16225.507 GC heap before
{Heap before GC invocations=3200 (full 7):
 PSYoungGen      total 7680K, used 7674K [0x00000000d5580000, 0x00000000d6780000, 0x0000000100000000)
  eden space 6144K, 100% used [0x00000000d5580000,0x00000000d5b80000,0x00000000d5b80000)
  from space 1536K, 99% used [0x00000000d5e00000,0x00000000d5f7ea30,0x00000000d5f80000)
  to   space 6144K, 0% used [0x00000000d6180000,0x00000000d6180000,0x00000000d6780000)
 ParOldGen       total 801280K, used 801270K [0x0000000080000000, 0x00000000b0e80000, 0x00000000d5580000)
  object space 801280K, 99% used [0x0000000080000000,0x00000000b0e7da78,0x00000000b0e80000)
 Metaspace       used 94920K, committed 96640K, reserved 1179648K
  class space    used 9474K, committed 10304K, reserved 1048576K
}
Event: 16225.510 GC heap after
{Heap after GC invocations=3200 (full 7):
 PSYoungGen      total 7680K, used 1312K [0x00000000d5580000, 0x00000000d6300000, 0x0000000100000000)
  eden space 6144K, 0% used [0x00000000d5580000,0x00000000d5580000,0x00000000d5b80000)
  from space 1536K, 85% used [0x00000000d6180000,0x00000000d62c8000,0x00000000d6300000)
  to   space 3072K, 0% used [0x00000000d5d00000,0x00000000d5d00000,0x00000000d6000000)
 ParOldGen       total 801792K, used 801446K [0x0000000080000000, 0x00000000b0f00000, 0x00000000d5580000)
  object space 801792K, 99% used [0x0000000080000000,0x00000000b0ea9a88,0x00000000b0f00000)
 Metaspace       used 94920K, committed 96640K, reserved 1179648K
  class space    used 9474K, committed 10304K, reserved 1048576K
}
Event: 16237.696 GC heap before
{Heap before GC invocations=3201 (full 7):
 PSYoungGen      total 7680K, used 7445K [0x00000000d5580000, 0x00000000d6300000, 0x0000000100000000)
  eden space 6144K, 99% used [0x00000000d5580000,0x00000000d5b7d698,0x00000000d5b80000)
  from space 1536K, 85% used [0x00000000d6180000,0x00000000d62c8000,0x00000000d6300000)
  to   space 3072K, 0% used [0x00000000d5d00000,0x00000000d5d00000,0x00000000d6000000)
 ParOldGen       total 833536K, used 832166K [0x0000000080000000, 0x00000000b2e00000, 0x00000000d5580000)
  object space 833536K, 99% used [0x0000000080000000,0x00000000b2ca9ab8,0x00000000b2e00000)
 Metaspace       used 94933K, committed 96640K, reserved 1179648K
  class space    used 9474K, committed 10304K, reserved 1048576K
}
Event: 16237.698 GC heap after
{Heap after GC invocations=3201 (full 7):
 PSYoungGen      total 9216K, used 480K [0x00000000d5580000, 0x00000000d6200000, 0x0000000100000000)
  eden space 6144K, 0% used [0x00000000d5580000,0x00000000d5580000,0x00000000d5b80000)
  from space 3072K, 15% used [0x00000000d5d00000,0x00000000d5d78000,0x00000000d6000000)
  to   space 1536K, 0% used [0x00000000d6080000,0x00000000d6080000,0x00000000d6200000)
 ParOldGen       total 833536K, used 833198K [0x0000000080000000, 0x00000000b2e00000, 0x00000000d5580000)
  object space 833536K, 99% used [0x0000000080000000,0x00000000b2dab990,0x00000000b2e00000)
 Metaspace       used 94933K, committed 96640K, reserved 1179648K
  class space    used 9474K, committed 10304K, reserved 1048576K
}
Event: 16237.717 GC heap before
{Heap before GC invocations=3202 (full 7):
 PSYoungGen      total 9216K, used 6624K [0x00000000d5580000, 0x00000000d6200000, 0x0000000100000000)
  eden space 6144K, 100% used [0x00000000d5580000,0x00000000d5b80000,0x00000000d5b80000)
  from space 3072K, 15% used [0x00000000d5d00000,0x00000000d5d78000,0x00000000d6000000)
  to   space 1536K, 0% used [0x00000000d6080000,0x00000000d6080000,0x00000000d6200000)
 ParOldGen       total 833536K, used 833198K [0x0000000080000000, 0x00000000b2e00000, 0x00000000d5580000)
  object space 833536K, 99% used [0x0000000080000000,0x00000000b2dab990,0x00000000b2e00000)
 Metaspace       used 94933K, committed 96640K, reserved 1179648K
  class space    used 9474K, committed 10304K, reserved 1048576K
}
Event: 16237.719 GC heap after
{Heap after GC invocations=3202 (full 7):
 PSYoungGen      total 6656K, used 384K [0x00000000d5580000, 0x00000000d6100000, 0x0000000100000000)
  eden space 6144K, 0% used [0x00000000d5580000,0x00000000d5580000,0x00000000d5b80000)
  from space 512K, 75% used [0x00000000d6080000,0x00000000d60e0000,0x00000000d6100000)
  to   space 512K, 0% used [0x00000000d6000000,0x00000000d6000000,0x00000000d6080000)
 ParOldGen       total 833536K, used 833518K [0x0000000080000000, 0x00000000b2e00000, 0x00000000d5580000)
  object space 833536K, 99% used [0x0000000080000000,0x00000000b2dfb9a0,0x00000000b2e00000)
 Metaspace       used 94933K, committed 96640K, reserved 1179648K
  class space    used 9474K, committed 10304K, reserved 1048576K
}
Event: 16237.759 GC heap before
{Heap before GC invocations=3203 (full 7):
 PSYoungGen      total 6656K, used 6528K [0x00000000d5580000, 0x00000000d6100000, 0x0000000100000000)
  eden space 6144K, 100% used [0x00000000d5580000,0x00000000d5b80000,0x00000000d5b80000)
  from space 512K, 75% used [0x00000000d6080000,0x00000000d60e0000,0x00000000d6100000)
  to   space 512K, 0% used [0x00000000d6000000,0x00000000d6000000,0x00000000d6080000)
 ParOldGen       total 833536K, used 833518K [0x0000000080000000, 0x00000000b2e00000, 0x00000000d5580000)
  object space 833536K, 99% used [0x0000000080000000,0x00000000b2dfb9a0,0x00000000b2e00000)
 Metaspace       used 94933K, committed 96640K, reserved 1179648K
  class space    used 9474K, committed 10304K, reserved 1048576K
}
Event: 16237.761 GC heap after
{Heap after GC invocations=3203 (full 7):
 PSYoungGen      total 6656K, used 454K [0x00000000d5580000, 0x00000000d6100000, 0x0000000100000000)
  eden space 6144K, 0% used [0x00000000d5580000,0x00000000d5580000,0x00000000d5b80000)
  from space 512K, 88% used [0x00000000d6000000,0x00000000d60719c0,0x00000000d6080000)
  to   space 512K, 0% used [0x00000000d6080000,0x00000000d6080000,0x00000000d6100000)
 ParOldGen       total 834048K, used 833630K [0x0000000080000000, 0x00000000b2e80000, 0x00000000d5580000)
  object space 834048K, 99% used [0x0000000080000000,0x00000000b2e179a0,0x00000000b2e80000)
 Metaspace       used 94933K, committed 96640K, reserved 1179648K
  class space    used 9474K, committed 10304K, reserved 1048576K
}
Event: 16238.192 GC heap before
{Heap before GC invocations=3204 (full 7):
 PSYoungGen      total 6656K, used 6598K [0x00000000d5580000, 0x00000000d6100000, 0x0000000100000000)
  eden space 6144K, 100% used [0x00000000d5580000,0x00000000d5b80000,0x00000000d5b80000)
  from space 512K, 88% used [0x00000000d6000000,0x00000000d60719c0,0x00000000d6080000)
  to   space 512K, 0% used [0x00000000d6080000,0x00000000d6080000,0x00000000d6100000)
 ParOldGen       total 834048K, used 833630K [0x0000000080000000, 0x00000000b2e80000, 0x00000000d5580000)
  object space 834048K, 99% used [0x0000000080000000,0x00000000b2e179a0,0x00000000b2e80000)
 Metaspace       used 94937K, committed 96640K, reserved 1179648K
  class space    used 9474K, committed 10304K, reserved 1048576K
}
Event: 16238.195 GC heap after
{Heap after GC invocations=3204 (full 7):
 PSYoungGen      total 6656K, used 464K [0x00000000d5580000, 0x00000000d6100000, 0x0000000100000000)
  eden space 6144K, 0% used [0x00000000d5580000,0x00000000d5580000,0x00000000d5b80000)
  from space 512K, 90% used [0x00000000d6080000,0x00000000d60f4010,0x00000000d6100000)
  to   space 512K, 0% used [0x00000000d6000000,0x00000000d6000000,0x00000000d6080000)
 ParOldGen       total 834048K, used 833678K [0x0000000080000000, 0x00000000b2e80000, 0x00000000d5580000)
  object space 834048K, 99% used [0x0000000080000000,0x00000000b2e239a0,0x00000000b2e80000)
 Metaspace       used 94937K, committed 96640K, reserved 1179648K
  class space    used 9474K, committed 10304K, reserved 1048576K
}
Event: 30324.534 GC heap before
{Heap before GC invocations=3205 (full 7):
 PSYoungGen      total 6656K, used 6608K [0x00000000d5580000, 0x00000000d6100000, 0x0000000100000000)
  eden space 6144K, 99% used [0x00000000d5580000,0x00000000d5b7fff8,0x00000000d5b80000)
  from space 512K, 90% used [0x00000000d6080000,0x00000000d60f4010,0x00000000d6100000)
  to   space 512K, 0% used [0x00000000d6000000,0x00000000d6000000,0x00000000d6080000)
 ParOldGen       total 834048K, used 833678K [0x0000000080000000, 0x00000000b2e80000, 0x00000000d5580000)
  object space 834048K, 99% used [0x0000000080000000,0x00000000b2e239a0,0x00000000b2e80000)
 Metaspace       used 94953K, committed 96640K, reserved 1179648K
  class space    used 9475K, committed 10304K, reserved 1048576K
}
Event: 30324.722 GC heap after
{Heap after GC invocations=3205 (full 7):
 PSYoungGen      total 6656K, used 320K [0x00000000d5580000, 0x00000000d6100000, 0x0000000100000000)
  eden space 6144K, 0% used [0x00000000d5580000,0x00000000d5580000,0x00000000d5b80000)
  from space 512K, 62% used [0x00000000d6000000,0x00000000d6050000,0x00000000d6080000)
  to   space 512K, 0% used [0x00000000d6080000,0x00000000d6080000,0x00000000d6100000)
 ParOldGen       total 834048K, used 833766K [0x0000000080000000, 0x00000000b2e80000, 0x00000000d5580000)
  object space 834048K, 99% used [0x0000000080000000,0x00000000b2e399a0,0x00000000b2e80000)
 Metaspace       used 94953K, committed 96640K, reserved 1179648K
  class space    used 9475K, committed 10304K, reserved 1048576K
}
Event: 30368.519 GC heap before
{Heap before GC invocations=3206 (full 7):
 PSYoungGen      total 6656K, used 6464K [0x00000000d5580000, 0x00000000d6100000, 0x0000000100000000)
  eden space 6144K, 100% used [0x00000000d5580000,0x00000000d5b80000,0x00000000d5b80000)
  from space 512K, 62% used [0x00000000d6000000,0x00000000d6050000,0x00000000d6080000)
  to   space 512K, 0% used [0x00000000d6080000,0x00000000d6080000,0x00000000d6100000)
 ParOldGen       total 834048K, used 833766K [0x0000000080000000, 0x00000000b2e80000, 0x00000000d5580000)
  object space 834048K, 99% used [0x0000000080000000,0x00000000b2e399a0,0x00000000b2e80000)
 Metaspace       used 94953K, committed 96640K, reserved 1179648K
  class space    used 9475K, committed 10304K, reserved 1048576K
}
Event: 30368.526 GC heap after
{Heap after GC invocations=3206 (full 7):
 PSYoungGen      total 6656K, used 288K [0x00000000d5580000, 0x00000000d6100000, 0x0000000100000000)
  eden space 6144K, 0% used [0x00000000d5580000,0x00000000d5580000,0x00000000d5b80000)
  from space 512K, 56% used [0x00000000d6080000,0x00000000d60c8000,0x00000000d6100000)
  to   space 512K, 0% used [0x00000000d6000000,0x00000000d6000000,0x00000000d6080000)
 ParOldGen       total 834048K, used 833822K [0x0000000080000000, 0x00000000b2e80000, 0x00000000d5580000)
  object space 834048K, 99% used [0x0000000080000000,0x00000000b2e479a0,0x00000000b2e80000)
 Metaspace       used 94953K, committed 96640K, reserved 1179648K
  class space    used 9475K, committed 10304K, reserved 1048576K
}

